<?xml version="1.0" encoding="UTF-8"?>
<testsuite name="com.mastercard.solution1.MainTest" tests="8" skipped="0" failures="0" errors="0" timestamp="2019-04-14T15:14:02" hostname="Bijans-iMac.local" time="0.027">
  <properties/>
  <testcase name="findDuplicatesMapWithoutDuplicates()" classname="com.mastercard.solution1.MainTest" time="0.012"/>
  <testcase name="findDuplicatesArrayLength1()" classname="com.mastercard.solution1.MainTest" time="0.0"/>
  <testcase name="findDuplicatesMapWithDuplicates()" classname="com.mastercard.solution1.MainTest" time="0.001"/>
  <testcase name="assertThrowsExceptionArray()" classname="com.mastercard.solution1.MainTest" time="0.002"/>
  <testcase name="findDuplicatesArrayWithDuplicates()" classname="com.mastercard.solution1.MainTest" time="0.001"/>
  <testcase name="assertThrowsExceptionMap()" classname="com.mastercard.solution1.MainTest" time="0.002"/>
  <testcase name="findDuplicatesArrayWithoutDuplicates()" classname="com.mastercard.solution1.MainTest" time="0.0"/>
  <testcase name="findDuplicatesMapLength1()" classname="com.mastercard.solution1.MainTest" time="0.001"/>
  <system-out><![CDATA[]]></system-out>
  <system-err><![CDATA[]]></system-err>
</testsuite>
