<?xml version="1.0" encoding="UTF-8"?>
<testsuite name="com.mastercard.solution4.JsonClientTest" tests="1" skipped="0" failures="0" errors="0" timestamp="2019-04-14T15:14:18" hostname="Bijans-iMac.local" time="0.394">
  <properties/>
  <testcase name="createBookFromJson()" classname="com.mastercard.solution4.JsonClientTest" time="0.394"/>
  <system-out><![CDATA[]]></system-out>
  <system-err><![CDATA[]]></system-err>
</testsuite>
