<?xml version="1.0" encoding="UTF-8"?>
<testsuite name="com.mastercard.solution2.MainTest" tests="1" skipped="0" failures="0" errors="0" timestamp="2019-04-14T15:14:03" hostname="Bijans-iMac.local" time="0.064">
  <properties/>
  <testcase name="sortTempFile()" classname="com.mastercard.solution2.MainTest" time="0.064"/>
  <system-out><![CDATA[]]></system-out>
  <system-err><![CDATA[]]></system-err>
</testsuite>
