<?xml version="1.0" encoding="UTF-8"?>
<testsuite name="com.mastercard.solution3.MainTest" tests="3" skipped="0" failures="0" errors="0" timestamp="2019-04-14T15:14:04" hostname="Bijans-iMac.local" time="12.944">
  <properties/>
  <testcase name="retryConnectToServerError()" classname="com.mastercard.solution3.MainTest" time="0.13"/>
  <testcase name="retryConnectToServerTestThrottling()" classname="com.mastercard.solution3.MainTest" time="6.429"/>
  <testcase name="retryConnectToServerSuccess()" classname="com.mastercard.solution3.MainTest" time="6.382"/>
  <system-out><![CDATA[]]></system-out>
  <system-err><![CDATA[]]></system-err>
</testsuite>
